Build started 19/04/2012 07:41:06.
Project "c:\documents and settings\administrator\my documents\visual studio 2010\Projects\ProcessPlanning\ProcessPlanning\ProcessPlanning.vcxproj" on node 2 (build target(s)).
InitializeBuildStatus:
  Touching "Debug\ProcessPlanning.unsuccessfulbuild".
ClCompile:
  All outputs are up-to-date.
  C:\Program Files\Microsoft Visual Studio 10.0\VC\bin\CL.exe /c /ZI /nologo /W3 /WX- /Od /Oy- /D WIN32 /D _DEBUG /D _WINDOWS /D _MBCS /D _AFXDLL /Gm /EHsc /RTC1 /MDd /GS /fp:precise /Zc:wchar_t /Zc:forScope /Fo"Debug\\" /Fd"Debug\vc100.pdb" /Gd /TP /analyze- /errorReport:prompt mfc_tutorial1.cpp
  mfc_tutorial1.cpp
ManifestResourceCompile:
  All outputs are up-to-date.
Link:
  C:\Program Files\Microsoft Visual Studio 10.0\VC\bin\link.exe /ERRORREPORT:PROMPT /OUT:"c:\documents and settings\administrator\my documents\visual studio 2010\Projects\ProcessPlanning\Debug\ProcessPlanning.exe" /INCREMENTAL /NOLOGO /MANIFEST /ManifestFile:"Debug\ProcessPlanning.exe.intermediate.manifest" /MANIFESTUAC:"level='asInvoker' uiAccess='false'" /DEBUG /PDB:"c:\documents and settings\administrator\my documents\visual studio 2010\Projects\ProcessPlanning\Debug\ProcessPlanning.pdb" /SUBSYSTEM:WINDOWS /TLBID:1 /DYNAMICBASE /NXCOMPAT /IMPLIB:"c:\documents and settings\administrator\my documents\visual studio 2010\Projects\ProcessPlanning\Debug\ProcessPlanning.lib" /MACHINE:X86 Debug\ProcessPlanning.exe.embed.manifest.res
  Debug\mfc_tutorial1.obj
Manifest:
  C:\Program Files\Microsoft SDKs\Windows\v7.0A\bin\mt.exe /nologo /verbose /out:"Debug\ProcessPlanning.exe.embed.manifest" /manifest Debug\ProcessPlanning.exe.intermediate.manifest "C:\Program Files\Microsoft Visual Studio 10.0\VC\Include\Manifest\dpiaware.manifest"
  C:\Program Files\Microsoft SDKs\Windows\v7.0A\bin\rc.exe /nologo /fo"Debug\ProcessPlanning.exe.embed.manifest.res" Debug\ProcessPlanning_manifest.rc 
LinkEmbedManifest:
  C:\Program Files\Microsoft Visual Studio 10.0\VC\bin\link.exe /ERRORREPORT:PROMPT /OUT:"c:\documents and settings\administrator\my documents\visual studio 2010\Projects\ProcessPlanning\Debug\ProcessPlanning.exe" /INCREMENTAL /NOLOGO /MANIFEST /ManifestFile:"Debug\ProcessPlanning.exe.intermediate.manifest" /MANIFESTUAC:"level='asInvoker' uiAccess='false'" /DEBUG /PDB:"c:\documents and settings\administrator\my documents\visual studio 2010\Projects\ProcessPlanning\Debug\ProcessPlanning.pdb" /SUBSYSTEM:WINDOWS /TLBID:1 /DYNAMICBASE /NXCOMPAT /IMPLIB:"c:\documents and settings\administrator\my documents\visual studio 2010\Projects\ProcessPlanning\Debug\ProcessPlanning.lib" /MACHINE:X86 Debug\ProcessPlanning.exe.embed.manifest.res
  Debug\mfc_tutorial1.obj
  ProcessPlanning.vcxproj -> c:\documents and settings\administrator\my documents\visual studio 2010\Projects\ProcessPlanning\Debug\ProcessPlanning.exe
FinalizeBuildStatus:
  Deleting file "Debug\ProcessPlanning.unsuccessfulbuild".
  Touching "Debug\ProcessPlanning.lastbuildstate".
Done Building Project "c:\documents and settings\administrator\my documents\visual studio 2010\Projects\ProcessPlanning\ProcessPlanning\ProcessPlanning.vcxproj" (build target(s)).

Build succeeded.

Time Elapsed 00:00:05.24
